c:\users\corji4\source\repos\n8.4\n8.4\debug\vc141.pdb
c:\users\corji4\source\repos\n8.4\n8.4\debug\vc141.idb
c:\users\corji4\source\repos\n8.4\n8.4\debug\main.obj
c:\users\corji4\source\repos\n8.4\n8.4\debug\list.obj
c:\users\corji4\source\repos\n8.4\debug\n8.4.pdb
c:\users\corji4\source\repos\n8.4\n8.4\debug\n8.4.tlog\cl.command.1.tlog
c:\users\corji4\source\repos\n8.4\n8.4\debug\n8.4.tlog\cl.read.1.tlog
c:\users\corji4\source\repos\n8.4\n8.4\debug\n8.4.tlog\cl.write.1.tlog
c:\users\corji4\source\repos\n8.4\n8.4\debug\n8.4.tlog\link-cvtres.read.1.tlog
c:\users\corji4\source\repos\n8.4\n8.4\debug\n8.4.tlog\link-cvtres.write.1.tlog
c:\users\corji4\source\repos\n8.4\n8.4\debug\n8.4.tlog\link-rc.read.1.tlog
c:\users\corji4\source\repos\n8.4\n8.4\debug\n8.4.tlog\link-rc.write.1.tlog
c:\users\corji4\source\repos\n8.4\n8.4\debug\n8.4.tlog\link.10560-cvtres.read.1.tlog
c:\users\corji4\source\repos\n8.4\n8.4\debug\n8.4.tlog\link.10560-cvtres.write.1.tlog
c:\users\corji4\source\repos\n8.4\n8.4\debug\n8.4.tlog\link.10560-rc.read.1.tlog
c:\users\corji4\source\repos\n8.4\n8.4\debug\n8.4.tlog\link.10560-rc.write.1.tlog
c:\users\corji4\source\repos\n8.4\n8.4\debug\n8.4.tlog\link.10560.read.1.tlog
c:\users\corji4\source\repos\n8.4\n8.4\debug\n8.4.tlog\link.10560.write.1.tlog
c:\users\corji4\source\repos\n8.4\n8.4\debug\n8.4.tlog\link.command.1.tlog
c:\users\corji4\source\repos\n8.4\n8.4\debug\n8.4.tlog\link.read.1.tlog
c:\users\corji4\source\repos\n8.4\n8.4\debug\n8.4.tlog\link.write.1.tlog
